2025-04-03 14:40:15,068 - INFO - Starting data collection
2025-04-03 14:40:15,068 - INFO - Using Overpass API endpoint: https://overpass-api.de/api/interpreter
2025-04-03 14:40:15,068 - INFO - Processing Philadelphia County
2025-04-03 14:40:15,068 - INFO - Collecting trails data for Philadelphia County
2025-04-03 14:40:31,789 - INFO - Collected 342672 elements for Philadelphia trails
2025-04-03 14:40:31,803 - INFO - Collecting parks data for Philadelphia County
2025-04-03 14:40:38,479 - INFO - Collected 38313 elements for Philadelphia parks
2025-04-03 14:40:38,481 - INFO - Collecting poi data for Philadelphia County
2025-04-03 14:40:42,160 - INFO - Collected 1096 elements for Philadelphia poi
2025-04-03 14:40:43,487 - INFO - Validating collected data
2025-04-03 14:40:43,712 - WARNING - Missing data file: data/raw/bucks_trails_raw.json
2025-04-03 14:40:43,712 - WARNING - Missing data file: data/raw/bucks_parks_raw.json
2025-04-03 14:40:43,712 - WARNING - Missing data file: data/raw/bucks_poi_raw.json
2025-04-03 14:40:43,712 - WARNING - Missing data file: data/raw/chester_trails_raw.json
2025-04-03 14:40:43,712 - WARNING - Missing data file: data/raw/chester_parks_raw.json
2025-04-03 14:40:43,712 - WARNING - Missing data file: data/raw/chester_poi_raw.json
2025-04-03 14:40:43,712 - WARNING - Missing data file: data/raw/delaware_trails_raw.json
2025-04-03 14:40:43,712 - WARNING - Missing data file: data/raw/delaware_parks_raw.json
2025-04-03 14:40:43,712 - WARNING - Missing data file: data/raw/delaware_poi_raw.json
2025-04-03 14:40:43,712 - WARNING - Missing data file: data/raw/montgomery_trails_raw.json
2025-04-03 14:40:43,712 - WARNING - Missing data file: data/raw/montgomery_parks_raw.json
2025-04-03 14:40:43,712 - WARNING - Missing data file: data/raw/montgomery_poi_raw.json
2025-04-03 14:40:43,712 - WARNING - Data validation found issues
2025-04-03 14:40:43,712 - ERROR - Data collection completed with errors
