2025-04-03 14:38:10,707 - INFO - Starting data collection
2025-04-03 14:38:10,707 - INFO - Using Overpass API endpoint: https://overpass-api.de/api/interpreter
2025-04-03 14:38:10,707 - INFO - Processing Philadelphia County
2025-04-03 14:38:10,707 - INFO - Collecting trails data for Philadelphia County
2025-04-03 14:38:10,707 - ERROR - Error collecting trails data for Philadelphia: API.get() got an unexpected keyword argument 'timeout'
2025-04-03 14:38:10,707 - INFO - Collecting parks data for Philadelphia County
2025-04-03 14:38:10,707 - ERROR - Error collecting parks data for Philadelphia: API.get() got an unexpected keyword argument 'timeout'
2025-04-03 14:38:10,708 - INFO - Collecting poi data for Philadelphia County
2025-04-03 14:38:10,708 - ERROR - Error collecting poi data for Philadelphia: API.get() got an unexpected keyword argument 'timeout'
2025-04-03 14:38:10,708 - INFO - Validating collected data
2025-04-03 14:38:10,708 - WARNING - Missing data file: data/raw/philadelphia_trails_raw.json
2025-04-03 14:38:10,708 - WARNING - Missing data file: data/raw/philadelphia_parks_raw.json
2025-04-03 14:38:10,708 - WARNING - Missing data file: data/raw/philadelphia_poi_raw.json
2025-04-03 14:38:10,708 - WARNING - Missing data file: data/raw/bucks_trails_raw.json
2025-04-03 14:38:10,708 - WARNING - Missing data file: data/raw/bucks_parks_raw.json
2025-04-03 14:38:10,708 - WARNING - Missing data file: data/raw/bucks_poi_raw.json
2025-04-03 14:38:10,708 - WARNING - Missing data file: data/raw/chester_trails_raw.json
2025-04-03 14:38:10,708 - WARNING - Missing data file: data/raw/chester_parks_raw.json
2025-04-03 14:38:10,708 - WARNING - Missing data file: data/raw/chester_poi_raw.json
2025-04-03 14:38:10,708 - WARNING - Missing data file: data/raw/delaware_trails_raw.json
2025-04-03 14:38:10,708 - WARNING - Missing data file: data/raw/delaware_parks_raw.json
2025-04-03 14:38:10,708 - WARNING - Missing data file: data/raw/delaware_poi_raw.json
2025-04-03 14:38:10,708 - WARNING - Missing data file: data/raw/montgomery_trails_raw.json
2025-04-03 14:38:10,708 - WARNING - Missing data file: data/raw/montgomery_parks_raw.json
2025-04-03 14:38:10,708 - WARNING - Missing data file: data/raw/montgomery_poi_raw.json
2025-04-03 14:38:10,708 - WARNING - Data validation found issues
2025-04-03 14:38:10,708 - ERROR - Data collection completed with errors
